{
"contracts/DAO.sol":{"l":{"23":56,"24":50,"28":44,"29":41,"33":47,"34":44,"38":30,"42":29,"46":32,"50":30,"58":78,"66":20,"85":28,"86":28,"87":28,"96":8,"100":7,"110":2,"114":1,"117":1,"121":2,"125":1,"131":3,"135":1,"144":1},"path":"/home/appinventiv/Desktop/DAO/contracts/DAO.sol","s":{"1":56,"2":44,"3":47,"4":30,"5":32,"6":20,"7":8,"8":2,"9":2,"10":1,"11":3,"12":1,"13":1},"b":{"1":[50,6],"2":[41,3],"3":[44,3],"4":[29,1],"5":[30,2],"6":[32,2],"7":[31,1],"8":[30,1],"9":[29,1],"10":[28,1],"11":[10,1],"12":[9,1],"13":[8,1],"14":[7,1],"15":[5,1],"16":[4,1],"17":[3,1],"18":[2,1],"19":[1,1],"20":[2,1],"21":[1,1],"22":[1,1]},"f":{"1":56,"2":44,"3":47,"4":30,"5":32,"6":78,"7":20,"8":28,"9":8,"10":2,"11":2,"12":3,"13":1,"14":1},"fnMap":{"1":{"name":"onlyTokenHolder","line":22,"loc":{"start":{"line":22,"column":4},"end":{"line":25,"column":4}}},"2":{"name":"notExecuted","line":27,"loc":{"start":{"line":27,"column":4},"end":{"line":30,"column":4}}},"3":{"name":"propExists","line":32,"loc":{"start":{"line":32,"column":4},"end":{"line":35,"column":4}}},"4":{"name":"notConfirmed","line":37,"loc":{"start":{"line":37,"column":4},"end":{"line":43,"column":4}}},"5":{"name":"notOver","line":45,"loc":{"start":{"line":45,"column":4},"end":{"line":51,"column":4}}},"6":{"name":"constructor","line":57,"loc":{"start":{"line":53,"column":4},"end":{"line":59,"column":4}}},"7":{"name":"submitProposal","line":61,"loc":{"start":{"line":61,"column":4},"end":{"line":75,"column":4}}},"8":{"name":"confirmProposal","line":83,"loc":{"start":{"line":77,"column":4},"end":{"line":88,"column":4}}},"9":{"name":"executeProposal","line":94,"loc":{"start":{"line":90,"column":4},"end":{"line":101,"column":4}}},"10":{"name":"revokeConfirmation","line":108,"loc":{"start":{"line":103,"column":4},"end":{"line":118,"column":4}}},"11":{"name":"fundTransfer","line":120,"loc":{"start":{"line":120,"column":4},"end":{"line":128,"column":4}}},"12":{"name":"getContractBalance","line":130,"loc":{"start":{"line":130,"column":4},"end":{"line":132,"column":4}}},"13":{"name":"getAccountBalance","line":134,"loc":{"start":{"line":134,"column":4},"end":{"line":136,"column":4}}},"14":{"name":"addConfirmWith","line":141,"loc":{"start":{"line":138,"column":4},"end":{"line":145,"column":4}}}},"statementMap":{"1":{"start":{"line":23,"column":8},"end":{"line":23,"column":64}},"2":{"start":{"line":28,"column":8},"end":{"line":28,"column":76}},"3":{"start":{"line":33,"column":8},"end":{"line":33,"column":73}},"4":{"start":{"line":38,"column":8},"end":{"line":38,"column":968}},"5":{"start":{"line":46,"column":8},"end":{"line":46,"column":1148}},"6":{"start":{"line":66,"column":8},"end":{"line":66,"column":1609}},"7":{"start":{"line":96,"column":8},"end":{"line":96,"column":2470}},"8":{"start":{"line":110,"column":8},"end":{"line":110,"column":2839}},"9":{"start":{"line":121,"column":8},"end":{"line":121,"column":3196}},"10":{"start":{"line":125,"column":8},"end":{"line":125,"column":3315}},"11":{"start":{"line":131,"column":8},"end":{"line":131,"column":36}},"12":{"start":{"line":135,"column":8},"end":{"line":135,"column":40}},"13":{"start":{"line":144,"column":8},"end":{"line":144,"column":52}}},"branchMap":{"1":{"line":23,"type":"if","locations":[{"start":{"line":23,"column":8},"end":{"line":23,"column":8}},{"start":{"line":23,"column":8},"end":{"line":23,"column":8}}]},"2":{"line":28,"type":"if","locations":[{"start":{"line":28,"column":8},"end":{"line":28,"column":8}},{"start":{"line":28,"column":8},"end":{"line":28,"column":8}}]},"3":{"line":33,"type":"if","locations":[{"start":{"line":33,"column":8},"end":{"line":33,"column":8}},{"start":{"line":33,"column":8},"end":{"line":33,"column":8}}]},"4":{"line":38,"type":"if","locations":[{"start":{"line":38,"column":8},"end":{"line":38,"column":8}},{"start":{"line":38,"column":8},"end":{"line":38,"column":8}}]},"5":{"line":46,"type":"if","locations":[{"start":{"line":46,"column":8},"end":{"line":46,"column":8}},{"start":{"line":46,"column":8},"end":{"line":46,"column":8}}]},"6":{"line":79,"type":"if","locations":[{"start":{"line":79,"column":8},"end":{"line":79,"column":8}},{"start":{"line":79,"column":8},"end":{"line":79,"column":8}}]},"7":{"line":80,"type":"if","locations":[{"start":{"line":80,"column":8},"end":{"line":80,"column":8}},{"start":{"line":80,"column":8},"end":{"line":80,"column":8}}]},"8":{"line":81,"type":"if","locations":[{"start":{"line":81,"column":8},"end":{"line":81,"column":8}},{"start":{"line":81,"column":8},"end":{"line":81,"column":8}}]},"9":{"line":82,"type":"if","locations":[{"start":{"line":82,"column":8},"end":{"line":82,"column":8}},{"start":{"line":82,"column":8},"end":{"line":82,"column":8}}]},"10":{"line":83,"type":"if","locations":[{"start":{"line":83,"column":8},"end":{"line":83,"column":8}},{"start":{"line":83,"column":8},"end":{"line":83,"column":8}}]},"11":{"line":92,"type":"if","locations":[{"start":{"line":92,"column":8},"end":{"line":92,"column":8}},{"start":{"line":92,"column":8},"end":{"line":92,"column":8}}]},"12":{"line":93,"type":"if","locations":[{"start":{"line":93,"column":8},"end":{"line":93,"column":8}},{"start":{"line":93,"column":8},"end":{"line":93,"column":8}}]},"13":{"line":94,"type":"if","locations":[{"start":{"line":94,"column":8},"end":{"line":94,"column":8}},{"start":{"line":94,"column":8},"end":{"line":94,"column":8}}]},"14":{"line":96,"type":"if","locations":[{"start":{"line":96,"column":8},"end":{"line":96,"column":8}},{"start":{"line":96,"column":8},"end":{"line":96,"column":8}}]},"15":{"line":105,"type":"if","locations":[{"start":{"line":105,"column":8},"end":{"line":105,"column":8}},{"start":{"line":105,"column":8},"end":{"line":105,"column":8}}]},"16":{"line":106,"type":"if","locations":[{"start":{"line":106,"column":8},"end":{"line":106,"column":8}},{"start":{"line":106,"column":8},"end":{"line":106,"column":8}}]},"17":{"line":107,"type":"if","locations":[{"start":{"line":107,"column":8},"end":{"line":107,"column":8}},{"start":{"line":107,"column":8},"end":{"line":107,"column":8}}]},"18":{"line":108,"type":"if","locations":[{"start":{"line":108,"column":8},"end":{"line":108,"column":8}},{"start":{"line":108,"column":8},"end":{"line":108,"column":8}}]},"19":{"line":110,"type":"if","locations":[{"start":{"line":110,"column":8},"end":{"line":110,"column":8}},{"start":{"line":110,"column":8},"end":{"line":110,"column":8}}]},"20":{"line":120,"type":"if","locations":[{"start":{"line":120,"column":58},"end":{"line":120,"column":58}},{"start":{"line":120,"column":58},"end":{"line":120,"column":58}}]},"21":{"line":121,"type":"if","locations":[{"start":{"line":121,"column":8},"end":{"line":121,"column":8}},{"start":{"line":121,"column":8},"end":{"line":121,"column":8}}]},"22":{"line":141,"type":"if","locations":[{"start":{"line":141,"column":8},"end":{"line":141,"column":8}},{"start":{"line":141,"column":8},"end":{"line":141,"column":8}}]}}},
"contracts/Token.sol":{"l":{"12":78,"13":78,"14":78,"16":78,"17":234,"18":234,"19":234,"20":234,"33":1,"34":1,"35":1,"36":1,"37":1},"path":"/home/appinventiv/Desktop/DAO/contracts/Token.sol","s":{"1":78,"2":78,"3":78,"4":78,"5":234,"6":234,"7":1,"8":1,"9":1},"b":{"1":[78,0],"2":[78,0],"3":[234,0],"4":[1,0]},"f":{"1":78,"2":1},"fnMap":{"1":{"name":"constructor","line":11,"loc":{"start":{"line":11,"column":4},"end":{"line":22,"column":4}}},"2":{"name":"transfer","line":28,"loc":{"start":{"line":28,"column":4},"end":{"line":38,"column":4}}}},"statementMap":{"1":{"start":{"line":12,"column":8},"end":{"line":12,"column":51}},"2":{"start":{"line":13,"column":8},"end":{"line":13,"column":77}},"3":{"start":{"line":14,"column":8},"end":{"line":14,"column":62}},"4":{"start":{"line":16,"column":8},"end":{"line":16,"column":599}},"5":{"start":{"line":19,"column":9},"end":{"line":19,"column":79}},"6":{"start":{"line":20,"column":9},"end":{"line":20,"column":63}},"7":{"start":{"line":33,"column":8},"end":{"line":33,"column":68}},"8":{"start":{"line":36,"column":8},"end":{"line":36,"column":52}},"9":{"start":{"line":37,"column":8},"end":{"line":37,"column":19}}},"branchMap":{"1":{"line":13,"type":"if","locations":[{"start":{"line":13,"column":8},"end":{"line":13,"column":8}},{"start":{"line":13,"column":8},"end":{"line":13,"column":8}}]},"2":{"line":14,"type":"if","locations":[{"start":{"line":14,"column":8},"end":{"line":14,"column":8}},{"start":{"line":14,"column":8},"end":{"line":14,"column":8}}]},"3":{"line":19,"type":"if","locations":[{"start":{"line":19,"column":9},"end":{"line":19,"column":9}},{"start":{"line":19,"column":9},"end":{"line":19,"column":9}}]},"4":{"line":33,"type":"if","locations":[{"start":{"line":33,"column":8},"end":{"line":33,"column":8}},{"start":{"line":33,"column":8},"end":{"line":33,"column":8}}]}}},
"contracts/Treasury.sol":{"l":{"8":15},"path":"/home/appinventiv/Desktop/DAO/contracts/Treasury.sol","s":{},"b":{},"f":{},"fnMap":{},"statementMap":{},"branchMap":{}}}
