TN:
SF:/home/appinventiv/Desktop/DAO/contracts/DAO.sol
FN:22,onlyTokenHolder
FN:27,notExecuted
FN:32,propExists
FN:37,notConfirmed
FN:45,notOver
FN:57,constructor
FN:61,submitProposal
FN:83,confirmProposal
FN:94,executeProposal
FN:108,revokeConfirmation
FN:120,fundTransfer
FN:130,getContractBalance
FN:134,getAccountBalance
FN:141,addConfirmWith
FNF:14
FNH:14
FNDA:56,onlyTokenHolder
FNDA:44,notExecuted
FNDA:47,propExists
FNDA:30,notConfirmed
FNDA:32,notOver
FNDA:78,constructor
FNDA:20,submitProposal
FNDA:28,confirmProposal
FNDA:8,executeProposal
FNDA:2,revokeConfirmation
FNDA:2,fundTransfer
FNDA:3,getContractBalance
FNDA:1,getAccountBalance
FNDA:1,addConfirmWith
DA:23,56
DA:24,50
DA:28,44
DA:29,41
DA:33,47
DA:34,44
DA:38,30
DA:42,29
DA:46,32
DA:50,30
DA:58,78
DA:66,20
DA:85,28
DA:86,28
DA:87,28
DA:96,8
DA:100,7
DA:110,2
DA:114,1
DA:117,1
DA:121,2
DA:125,1
DA:131,3
DA:135,1
DA:144,1
LF:25
LH:25
BRDA:23,1,0,50
BRDA:23,1,1,6
BRDA:28,2,0,41
BRDA:28,2,1,3
BRDA:33,3,0,44
BRDA:33,3,1,3
BRDA:38,4,0,29
BRDA:38,4,1,1
BRDA:46,5,0,30
BRDA:46,5,1,2
BRDA:79,6,0,32
BRDA:79,6,1,2
BRDA:80,7,0,31
BRDA:80,7,1,1
BRDA:81,8,0,30
BRDA:81,8,1,1
BRDA:82,9,0,29
BRDA:82,9,1,1
BRDA:83,10,0,28
BRDA:83,10,1,1
BRDA:92,11,0,10
BRDA:92,11,1,1
BRDA:93,12,0,9
BRDA:93,12,1,1
BRDA:94,13,0,8
BRDA:94,13,1,1
BRDA:96,14,0,7
BRDA:96,14,1,1
BRDA:105,15,0,5
BRDA:105,15,1,1
BRDA:106,16,0,4
BRDA:106,16,1,1
BRDA:107,17,0,3
BRDA:107,17,1,1
BRDA:108,18,0,2
BRDA:108,18,1,1
BRDA:110,19,0,1
BRDA:110,19,1,1
BRDA:120,20,0,2
BRDA:120,20,1,1
BRDA:121,21,0,1
BRDA:121,21,1,1
BRDA:141,22,0,1
BRDA:141,22,1,1
BRF:44
BRH:44
end_of_record
TN:
SF:/home/appinventiv/Desktop/DAO/contracts/Token.sol
FN:11,constructor
FN:28,transfer
FNF:2
FNH:2
FNDA:78,constructor
FNDA:1,transfer
DA:12,78
DA:13,78
DA:14,78
DA:16,78
DA:17,234
DA:18,234
DA:19,234
DA:20,234
DA:33,1
DA:34,1
DA:35,1
DA:36,1
DA:37,1
LF:13
LH:13
BRDA:13,1,0,78
BRDA:13,1,1,0
BRDA:14,2,0,78
BRDA:14,2,1,0
BRDA:19,3,0,234
BRDA:19,3,1,0
BRDA:33,4,0,1
BRDA:33,4,1,0
BRF:8
BRH:4
end_of_record
TN:
SF:/home/appinventiv/Desktop/DAO/contracts/Treasury.sol
FNF:0
FNH:0
DA:8,15
LF:1
LH:1
BRF:0
BRH:0
end_of_record
